c:\users\notebook\documents\cudafractalcurs\cudafractalcurs\x64\debug\vc141.pdb
c:\users\notebook\documents\cudafractalcurs\cudafractalcurs\x64\debug\vc141.idb
c:\users\notebook\documents\cudafractalcurs\cudafractalcurs\x64\debug\main.obj
c:\users\notebook\documents\cudafractalcurs\cudafractalcurs\x64\debug\graphicsopengl.obj
x64\debug\kernel.cu.obj
c:\users\notebook\documents\cudafractalcurs\x64\debug\cudafractalcurs.lib
c:\users\notebook\documents\cudafractalcurs\x64\debug\cudafractalcurs.exp
c:\users\notebook\documents\cudafractalcurs\x64\debug\cudafractalcurs.ilk
c:\users\notebook\documents\cudafractalcurs\x64\debug\cudafractalcurs.exe
c:\users\notebook\documents\cudafractalcurs\x64\debug\cudafractalcurs.pdb
c:\users\notebook\documents\cudafractalcurs\cudafractalcurs\x64\debug\kernel.cu.cache
c:\users\notebook\documents\cudafractalcurs\cudafractalcurs\x64\debug\kernel.cu.obj
c:\users\notebook\documents\cudafractalcurs\cudafractalcurs\x64\debug\cudafractalcurs.tlog\cl.command.1.tlog
c:\users\notebook\documents\cudafractalcurs\cudafractalcurs\x64\debug\cudafractalcurs.tlog\cl.read.1.tlog
c:\users\notebook\documents\cudafractalcurs\cudafractalcurs\x64\debug\cudafractalcurs.tlog\cl.write.1.tlog
c:\users\notebook\documents\cudafractalcurs\cudafractalcurs\x64\debug\cudafractalcurs.tlog\cudacompile.read.1u.tlog
c:\users\notebook\documents\cudafractalcurs\cudafractalcurs\x64\debug\cudafractalcurs.tlog\cudacompile.write.1u.tlog
c:\users\notebook\documents\cudafractalcurs\cudafractalcurs\x64\debug\cudafractalcurs.tlog\cudafractalcurs.write.1u.tlog
c:\users\notebook\documents\cudafractalcurs\cudafractalcurs\x64\debug\cudafractalcurs.tlog\link.command.1.tlog
c:\users\notebook\documents\cudafractalcurs\cudafractalcurs\x64\debug\cudafractalcurs.tlog\link.read.1.tlog
c:\users\notebook\documents\cudafractalcurs\cudafractalcurs\x64\debug\cudafractalcurs.tlog\link.write.1.tlog
